<?xml version="1.0" encoding="UTF-8"?>
<!-- Generated by org.testng.reporters.JUnitReportReporter -->
<testsuite skipped="0" hostname="SujataLp01" name="com.sujata.test.MyFirstRestAssuredProject" tests="6" failures="0" timestamp="2021-12-02T12:46:59 IST" time="11.256" errors="0">
  <testcase name="createOrderCheck" time="2.534" classname="com.sujata.test.MyFirstRestAssuredProject"/>
  <system-out/>
  <testcase name="checkBookIdNegative" time="3.068" classname="com.sujata.test.MyFirstRestAssuredProject"/>
  <system-out/>
  <testcase name="checkBookIdPositive" time="1.294" classname="com.sujata.test.MyFirstRestAssuredProject"/>
  <system-out/>
  <testcase name="checkingForStatusTestCase" time="1.344" classname="com.sujata.test.MyFirstRestAssuredProject"/>
  <system-out/>
  <testcase name="checkForList" time="1.260" classname="com.sujata.test.MyFirstRestAssuredProject"/>
  <system-out/>
  <testcase name="demoTest" time="1.756" classname="com.sujata.test.MyFirstRestAssuredProject"/>
  <system-out/>
</testsuite> <!-- com.sujata.test.MyFirstRestAssuredProject -->
